<?xml version="1.0" encoding="UTF-8"?>
<testsuite xmlns:xsi="http://www.w3.org/2001/XMLSchema-instance" xsi:noNamespaceSchemaLocation="https://maven.apache.org/surefire/maven-surefire-plugin/xsd/surefire-test-report-3.0.xsd" version="3.0" name="com.example.customermanagement.controller.CustomerControllerTest" time="10.365" tests="5" errors="0" skipped="0" failures="0">
  <properties>
[...]
</properties>
  <testcase name="testGetCustomerById" classname="com.example.customermanagement.controller.CustomerControllerTest" time="0.578">
    <system-out><![CDATA[03:12:45.230 [main] INFO org.springframework.test.context.support.AnnotationConfigContextLoaderUtils -- Could not detect default configuration classes for test class [com.example.customermanagement.controller.CustomerControllerTest]: CustomerControllerTest does not declare any static, non-private, non-final, nested classes annotated with @Configuration.
03:12:45.744 [main] INFO org.springframework.boot.test.context.SpringBootTestContextBootstrapper -- Found @SpringBootConfiguration com.example.customermanagement.DemoApplication for test class com.example.customermanagement.controller.CustomerControllerTest
03:12:47.842 [main] INFO org.springframework.boot.devtools.restart.RestartApplicationListener -- Restart disabled due to context in which it is running
  .   ____          _            __ _ _
 /\\ / ___'_ __ _ _(_)_ __  __ _ \ \ \ \
( ( )\___ | '_ | '_| | '_ \/ _` | \ \ \ \
 \\/  ___)| |_)| | | | | || (_| |  ) ) ) )
  '  |____| .__|_| |_|_| |_\__, | / / / /
 =========|_|==============|___/=/_/_/_/

 :: Spring Boot ::                (v3.3.0)

2024-07-05T03:12:48.821+05:30  INFO 12368 --- [customer-management] [           main] c.e.c.controller.CustomerControllerTest  : Starting CustomerControllerTest using Java 17.0.1 with PID 12368 (started by DELL in C:\Users\DELL\WorkSpace_Assignment\spring_rest_customer-management)
2024-07-05T03:12:48.823+05:30  INFO 12368 --- [customer-management] [           main] c.e.c.controller.CustomerControllerTest  : No active profile set, falling back to 1 default profile: "default"
2024-07-05T03:12:53.952+05:30  INFO 12368 --- [customer-management] [           main] o.s.b.t.m.w.SpringBootMockServletContext : Initializing Spring TestDispatcherServlet ''
2024-07-05T03:12:53.953+05:30  INFO 12368 --- [customer-management] [           main] o.s.t.web.servlet.TestDispatcherServlet  : Initializing Servlet ''
2024-07-05T03:12:53.958+05:30  INFO 12368 --- [customer-management] [           main] o.s.t.web.servlet.TestDispatcherServlet  : Completed initialization in 3 ms
2024-07-05T03:12:54.010+05:30  INFO 12368 --- [customer-management] [           main] c.e.c.controller.CustomerControllerTest  : Started CustomerControllerTest in 6.223 seconds (process running for 10.858)
2024-07-05T03:12:54.132+05:30  INFO 12368 --- [customer-management] [           main] o.s.mock.web.MockServletContext          : Initializing Spring TestDispatcherServlet ''
2024-07-05T03:12:54.132+05:30  INFO 12368 --- [customer-management] [           main] o.s.t.web.servlet.TestDispatcherServlet  : Initializing Servlet ''
2024-07-05T03:12:54.133+05:30  INFO 12368 --- [customer-management] [           main] o.s.t.web.servlet.TestDispatcherServlet  : Completed initialization in 1 ms
]]></system-out>
  </testcase>
  <testcase name="testGetAllCustomers" classname="com.example.customermanagement.controller.CustomerControllerTest" time="0.05">
    <system-out><![CDATA[2024-07-05T03:12:54.653+05:30  INFO 12368 --- [customer-management] [           main] o.s.mock.web.MockServletContext          : Initializing Spring TestDispatcherServlet ''
2024-07-05T03:12:54.653+05:30  INFO 12368 --- [customer-management] [           main] o.s.t.web.servlet.TestDispatcherServlet  : Initializing Servlet ''
2024-07-05T03:12:54.654+05:30  INFO 12368 --- [customer-management] [           main] o.s.t.web.servlet.TestDispatcherServlet  : Completed initialization in 0 ms
]]></system-out>
  </testcase>
  <testcase name="testUpdateCustomer" classname="com.example.customermanagement.controller.CustomerControllerTest" time="0.267">
    <system-out><![CDATA[2024-07-05T03:12:54.726+05:30  INFO 12368 --- [customer-management] [           main] o.s.mock.web.MockServletContext          : Initializing Spring TestDispatcherServlet ''
2024-07-05T03:12:54.728+05:30  INFO 12368 --- [customer-management] [           main] o.s.t.web.servlet.TestDispatcherServlet  : Initializing Servlet ''
2024-07-05T03:12:54.729+05:30  INFO 12368 --- [customer-management] [           main] o.s.t.web.servlet.TestDispatcherServlet  : Completed initialization in 0 ms
 con: Customer [id=0, firstName=John, lastName=Doe, email=john.doe@example.com, phone=1234567890]
]]></system-out>
  </testcase>
  <testcase name="testCreateCustomer" classname="com.example.customermanagement.controller.CustomerControllerTest" time="0.038">
    <system-out><![CDATA[2024-07-05T03:12:54.979+05:30  INFO 12368 --- [customer-management] [           main] o.s.mock.web.MockServletContext          : Initializing Spring TestDispatcherServlet ''
2024-07-05T03:12:54.980+05:30  INFO 12368 --- [customer-management] [           main] o.s.t.web.servlet.TestDispatcherServlet  : Initializing Servlet ''
2024-07-05T03:12:54.980+05:30  INFO 12368 --- [customer-management] [           main] o.s.t.web.servlet.TestDispatcherServlet  : Completed initialization in 0 ms
]]></system-out>
  </testcase>
  <testcase name="testDeleteCustomer" classname="com.example.customermanagement.controller.CustomerControllerTest" time="0.033">
    <system-out><![CDATA[2024-07-05T03:12:55.028+05:30  INFO 12368 --- [customer-management] [           main] o.s.mock.web.MockServletContext          : Initializing Spring TestDispatcherServlet ''
2024-07-05T03:12:55.028+05:30  INFO 12368 --- [customer-management] [           main] o.s.t.web.servlet.TestDispatcherServlet  : Initializing Servlet ''
2024-07-05T03:12:55.029+05:30  INFO 12368 --- [customer-management] [           main] o.s.t.web.servlet.TestDispatcherServlet  : Completed initialization in 0 ms
]]></system-out>
  </testcase>
</testsuite>